<?xml version="1.0" encoding="utf-8"?>
<TestRun id="6c100cb5-8230-4334-916a-b3f65ddc3424" name="Ashra@ROCINANTE 2025-10-25 04:12:39" runUser="ROCINANTE\Ashra" xmlns="http://microsoft.com/schemas/VisualStudio/TeamTest/2010">
  <Times creation="2025-10-25T04:12:39.9489351+13:00" queuing="2025-10-25T04:12:39.9489352+13:00" start="2025-10-25T04:12:39.4111524+13:00" finish="2025-10-25T04:12:39.9548347+13:00" />
  <TestSettings name="default" id="bc5f6dc2-b958-40c4-9035-bdeef4059ff6">
    <Deployment runDeploymentRoot="Ashra_ROCINANTE_2025-10-25_04_12_39" />
  </TestSettings>
  <Results>
    <UnitTestResult executionId="c7b10aa4-4478-4594-97c0-1e79858ba35a" testId="4f479e89-4a14-ccd2-75f6-65ec90e3817a" testName="NZFTC.Tests.UnitTest1.Test1" computerName="ROCINANTE" duration="00:00:00.0022261" startTime="2025-10-25T04:12:39.8673599+13:00" endTime="2025-10-25T04:12:39.8673743+13:00" testType="13cdc9d9-ddb5-4fa4-a97d-d965ccfc6d4b" outcome="Passed" testListId="8c84fa94-04c1-424b-9868-57a2d4851a1d" relativeResultsDirectory="c7b10aa4-4478-4594-97c0-1e79858ba35a" />
  </Results>
  <TestDefinitions>
    <UnitTest name="NZFTC.Tests.UnitTest1.Test1" storage="f:\nzftc\src\tests\nzftc.tests\bin\debug\net8.0\nzftc.tests.dll" id="4f479e89-4a14-ccd2-75f6-65ec90e3817a">
      <Execution id="c7b10aa4-4478-4594-97c0-1e79858ba35a" />
      <TestMethod codeBase="F:\NZFTC\src\tests\NZFTC.Tests\bin\Debug\net8.0\NZFTC.Tests.dll" adapterTypeName="executor://xunit/VsTestRunner2/netcoreapp" className="NZFTC.Tests.UnitTest1" name="Test1" />
    </UnitTest>
  </TestDefinitions>
  <TestEntries>
    <TestEntry testId="4f479e89-4a14-ccd2-75f6-65ec90e3817a" executionId="c7b10aa4-4478-4594-97c0-1e79858ba35a" testListId="8c84fa94-04c1-424b-9868-57a2d4851a1d" />
  </TestEntries>
  <TestLists>
    <TestList name="Results Not in a List" id="8c84fa94-04c1-424b-9868-57a2d4851a1d" />
    <TestList name="All Loaded Results" id="19431567-8539-422a-85d7-44ee4e166bda" />
  </TestLists>
  <ResultSummary outcome="Completed">
    <Counters total="1" executed="1" passed="1" failed="0" error="0" timeout="0" aborted="0" inconclusive="0" passedButRunAborted="0" notRunnable="0" notExecuted="0" disconnected="0" warning="0" completed="0" inProgress="0" pending="0" />
    <Output>
      <StdOut>[xUnit.net 00:00:00.00] xUnit.net VSTest Adapter v2.8.0+6438bb880a (64-bit .NET 8.0.21)&#xD;
[xUnit.net 00:00:00.06]   Discovering: NZFTC.Tests&#xD;
[xUnit.net 00:00:00.09]   Discovered:  NZFTC.Tests&#xD;
[xUnit.net 00:00:00.09]   Starting:    NZFTC.Tests&#xD;
[xUnit.net 00:00:00.13]   Finished:    NZFTC.Tests&#xD;
</StdOut>
    </Output>
  </ResultSummary>
</TestRun>